#
# There is insufficient memory for the Java Runtime Environment to continue.
# Native memory allocation (mmap) failed to map 528482304 bytes. Error detail: G1 virtual space
# Possible reasons:
#   The system is out of physical RAM or swap space
#   This process is running with CompressedOops enabled, and the Java Heap may be blocking the growth of the native heap
# Possible solutions:
#   Reduce memory load on the system
#   Increase physical memory or swap space
#   Check if swap backing store is full
#   Decrease Java heap size (-Xmx/-Xms)
#   Decrease number of Java threads
#   Decrease Java thread stack sizes (-Xss)
#   Set larger code cache with -XX:ReservedCodeCacheSize=
#   JVM is running with Zero Based Compressed Oops mode in which the Java heap is
#     placed in the first 32GB address space. The Java Heap base address is the
#     maximum limit for the native heap growth. Please use -XX:HeapBaseMinAddress
#     to set the Java Heap base and to place the Java Heap above 32GB virtual address.
# This output file may be truncated or incomplete.
#
#  Out of Memory Error (os_windows.cpp:3815), pid=21512, tid=25340
#
# JRE version:  (21.0.3) (build )
# Java VM: OpenJDK 64-Bit Server VM (21.0.3+-12282718-b509.11, mixed mode, sharing, tiered, compressed oops, compressed class ptrs, g1 gc, windows-amd64)
# No core dump will be written. Minidumps are not enabled by default on client versions of Windows
#

---------------  S U M M A R Y ------------

Command Line: org.jetbrains.kotlin.cli.jvm.K2JVMCompiler @C:\Users\kenny\AndroidStudioProjects\NotesApp\app\build\20250323_4907090104063979595.compiler.options

Host: AMD Ryzen 5 5600G with Radeon Graphics         , 12 cores, 31G,  Windows 10 , 64 bit Build 19041 (10.0.19041.5438)
Time: Sun Mar 23 00:47:35 2025 RTZ 2 (s 10 , 64 bit Build 19041 (10.0.19041.5438) elapsed time: 0.007920 seconds (0d 0h 0m 0s)

---------------  T H R E A D  ---------------

Current thread (0x000001749ee53910):  JavaThread "Unknown thread" [_thread_in_vm, id=25340, stack(0x0000001d38800000,0x0000001d38900000) (1024K)]

Stack: [0x0000001d38800000,0x0000001d38900000]
Native frames: (J=compiled Java code, j=interpreted, Vv=VM code, C=native code)
V  [jvm.dll+0x6cafb9]
V  [jvm.dll+0x858523]
V  [jvm.dll+0x85aa7e]
V  [jvm.dll+0x85b163]
V  [jvm.dll+0x27d356]
V  [jvm.dll+0x6c7865]
V  [jvm.dll+0x6bbd3a]
V  [jvm.dll+0x35199b]
V  [jvm.dll+0x3595d6]
V  [jvm.dll+0x3aa826]
V  [jvm.dll+0x3aaaf8]
V  [jvm.dll+0x3240bc]
V  [jvm.dll+0x324dab]
V  [jvm.dll+0x81fd89]
V  [jvm.dll+0x3b7c08]
V  [jvm.dll+0x80921d]
V  [jvm.dll+0x44c05e]
V  [jvm.dll+0x44d6b1]
C  [jli.dll+0x52ab]
C  [ucrtbase.dll+0x21bb2]
C  [KERNEL32.DLL+0x17374]
C  [ntdll.dll+0x4cc91]


---------------  P R O C E S S  ---------------

Threads class SMR info:
_java_thread_list=0x00007ffdd41c57c8, length=0, elements={
}

Java Threads: ( => current thread )
Total: 0

Other Threads:
  0x000001749eef3a50 WorkerThread "GC Thread#0"                     [id=3192, stack(0x0000001d38900000,0x0000001d38a00000) (1024K)]
  0x000001749ef04e30 ConcurrentGCThread "G1 Main Marker"            [id=24284, stack(0x0000001d38a00000,0x0000001d38b00000) (1024K)]
  0x000001749ef060d0 WorkerThread "G1 Conc#0"                       [id=13296, stack(0x0000001d38b00000,0x0000001d38c00000) (1024K)]

[error occurred during error reporting (printing all threads), id 0xc0000005, EXCEPTION_ACCESS_VIOLATION (0xc0000005) at pc=0x00007ffdd39c7197]
VM state: not at safepoint (not fully initialized)

VM Mutex/Monitor currently owned by a thread:  ([mutex/lock_event])
[0x00007ffdd42321c8] Heap_lock - owner thread: 0x000001749ee53910

Heap address: 0x000000060b000000, size: 8016 MB, Compressed Oops mode: Zero based, Oop shift amount: 3

CDS archive(s) mapped at: [0x0000000000000000-0x0000000000000000-0x0000000000000000), size 0, SharedBaseAddress: 0x0000000800000000, ArchiveRelocationMode: 1.
Narrow klass base: 0x0000000000000000, Narrow klass shift: 0, Narrow klass range: 0x0

GC Precious Log:
 CardTable entry size: 512
 Card Set container configuration: InlinePtr #cards 4 size 8 Array Of Cards #cards 32 size 80 Howl #buckets 8 coarsen threshold 7372 Howl Bitmap #cards 1024 size 144 coarsen threshold 921 Card regions per heap region 1 cards per card region 8192

Heap:
 garbage-first heap   total 0K, used 0K [0x000000060b000000, 0x0000000800000000)
  region size 4096K, 0 young (0K), 0 survivors (0K)
 Metaspace       used 0K, committed 0K, reserved 0K
  class space    used 0K, committed 0K, reserved 0K

Heap Regions: E=young(eden), S=young(survivor), O=old, HS=humongous(starts), HC=humongous(continues), CS=collection set, F=free, TAMS=top-at-mark-start, PB=parsable bottom

Card table byte_map: [0x00000174b24a0000,0x00000174b3450000] _byte_map_base: 0x00000174af448000

Marking Bits: (CMBitMap*) 0x000001749eef4150
 Bits: [0x00000174b3450000, 0x00000174bb190000)

GC Heap History (0 events):
No events

Dll operation events (1 events):
Event: 0.004 Loaded shared library C:\Program Files\Android\Android Studio1\jbr\bin\java.dll

Deoptimization events (0 events):
No events

Classes loaded (0 events):
No events

Classes unloaded (0 events):
No events

Classes redefined (0 events):
No events

Internal exceptions (0 events):
No events

ZGC Phase Switch (0 events):
No events

VM Operations (0 events):
No events

Events (0 events):
No events


Dynamic libraries:
0x00007ff77e3d0000 - 0x00007ff77e3da000 	C:\Program Files\Android\Android Studio1\jbr\bin\java.exe
0x00007ffea0f10000 - 0x00007ffea1108000 	C:\Windows\SYSTEM32\ntdll.dll
0x00007ffe9ef30000 - 0x00007ffe9eff2000 	C:\Windows\System32\KERNEL32.DLL
0x00007ffe9e5b0000 - 0x00007ffe9e8af000 	C:\Windows\System32\KERNELBASE.dll
0x00007ffe9eb90000 - 0x00007ffe9ec90000 	C:\Windows\System32\ucrtbase.dll
0x00007ffe81ac0000 - 0x00007ffe81ad8000 	C:\Program Files\Android\Android Studio1\jbr\bin\jli.dll
0x00007ffe96770000 - 0x00007ffe9678b000 	C:\Program Files\Android\Android Studio1\jbr\bin\VCRUNTIME140.dll
0x00007ffe9f000000 - 0x00007ffe9f19d000 	C:\Windows\System32\USER32.dll
0x00007ffe9ec90000 - 0x00007ffe9ecb2000 	C:\Windows\System32\win32u.dll
0x00007ffe8ac30000 - 0x00007ffe8aeca000 	C:\Windows\WinSxS\amd64_microsoft.windows.common-controls_6595b64144ccf1df_6.0.19041.4355_none_60b8b9eb71f62e16\COMCTL32.dll
0x00007ffea01a0000 - 0x00007ffea01cb000 	C:\Windows\System32\GDI32.dll
0x00007ffe9fb90000 - 0x00007ffe9fc2e000 	C:\Windows\System32\msvcrt.dll
0x00007ffe9ecc0000 - 0x00007ffe9edda000 	C:\Windows\System32\gdi32full.dll
0x00007ffe9ee90000 - 0x00007ffe9ef2d000 	C:\Windows\System32\msvcp_win.dll
0x00007ffe9f3f0000 - 0x00007ffe9f41f000 	C:\Windows\System32\IMM32.DLL
0x00007ffe9bb30000 - 0x00007ffe9bb3c000 	C:\Program Files\Android\Android Studio1\jbr\bin\vcruntime140_1.dll
0x00007ffe048b0000 - 0x00007ffe0493d000 	C:\Program Files\Android\Android Studio1\jbr\bin\msvcp140.dll
0x00007ffdd3690000 - 0x00007ffdd430d000 	C:\Program Files\Android\Android Studio1\jbr\bin\server\jvm.dll
0x00007ffea0e20000 - 0x00007ffea0ecf000 	C:\Windows\System32\ADVAPI32.dll
0x00007ffea03b0000 - 0x00007ffea044f000 	C:\Windows\System32\sechost.dll
0x00007ffea0280000 - 0x00007ffea03a3000 	C:\Windows\System32\RPCRT4.dll
0x00007ffe9ea80000 - 0x00007ffe9eaa7000 	C:\Windows\System32\bcrypt.dll
0x00007ffea00a0000 - 0x00007ffea010b000 	C:\Windows\System32\WS2_32.dll
0x00007ffe9db40000 - 0x00007ffe9db8b000 	C:\Windows\SYSTEM32\POWRPROF.dll
0x00007ffe949a0000 - 0x00007ffe949c7000 	C:\Windows\SYSTEM32\WINMM.dll
0x00007ffe97d40000 - 0x00007ffe97d4a000 	C:\Windows\SYSTEM32\VERSION.dll
0x00007ffe9d9b0000 - 0x00007ffe9d9c2000 	C:\Windows\SYSTEM32\UMPDC.dll
0x00007ffe9c450000 - 0x00007ffe9c462000 	C:\Windows\SYSTEM32\kernel.appcore.dll
0x00007ffe967b0000 - 0x00007ffe967ba000 	C:\Program Files\Android\Android Studio1\jbr\bin\jimage.dll
0x00007ffe970c0000 - 0x00007ffe972a4000 	C:\Windows\SYSTEM32\DBGHELP.DLL
0x00007ffe7f680000 - 0x00007ffe7f6b4000 	C:\Windows\SYSTEM32\dbgcore.DLL
0x00007ffe9eab0000 - 0x00007ffe9eb32000 	C:\Windows\System32\bcryptPrimitives.dll
0x00007ffe8e160000 - 0x00007ffe8e17f000 	C:\Program Files\Android\Android Studio1\jbr\bin\java.dll

dbghelp: loaded successfully - version: 4.0.5 - missing functions: none
symbol engine: initialized successfully - sym options: 0x614 - pdb path: .;C:\Program Files\Android\Android Studio1\jbr\bin;C:\Windows\SYSTEM32;C:\Windows\WinSxS\amd64_microsoft.windows.common-controls_6595b64144ccf1df_6.0.19041.4355_none_60b8b9eb71f62e16;C:\Program Files\Android\Android Studio1\jbr\bin\server

VM Arguments:
java_command: org.jetbrains.kotlin.cli.jvm.K2JVMCompiler @C:\Users\kenny\AndroidStudioProjects\NotesApp\app\build\20250323_4907090104063979595.compiler.options
java_class_path (initial): C:\Users\kenny\.gradle\caches\modules-2\files-2.1\org.jetbrains.kotlin\kotlin-compiler-embeddable\2.0.0\1de310de3446414381282ffc46c3ed3919a4d1da\kotlin-compiler-embeddable-2.0.0.jar;C:\Users\kenny\.gradle\caches\modules-2\files-2.1\org.jetbrains.kotlin\kotlin-stdlib\2.0.0\b48df2c4aede9586cc931ead433bc02d6fd7879e\kotlin-stdlib-2.0.0.jar;C:\Users\kenny\.gradle\caches\modules-2\files-2.1\org.jetbrains.kotlin\kotlin-script-runtime\2.0.0\fdc27dd047d592fa41d2dfa21e7621287a361612\kotlin-script-runtime-2.0.0.jar;C:\Users\kenny\.gradle\caches\modules-2\files-2.1\org.jetbrains.kotlin\kotlin-reflect\1.6.10\1cbe9c92c12a94eea200d23c2bbaedaf3daf5132\kotlin-reflect-1.6.10.jar;C:\Users\kenny\.gradle\caches\modules-2\files-2.1\org.jetbrains.kotlin\kotlin-daemon-embeddable\2.0.0\b39c612768614c4428c96ee9c65477181fffe9d\kotlin-daemon-embeddable-2.0.0.jar;C:\Users\kenny\.gradle\caches\modules-2\files-2.1\org.jetbrains.intellij.deps\trove4j\1.0.20200330\3afb14d5f9ceb459d724e907a21145e8ff394f02\trove4j-1.0.20200330.jar;C:\Users\kenny\.gradle\caches\modules-2\files-2.1\org.jetbrains\annotations\13.0\919f0dfe192fb4e063e7dacadee7f8bb9a2672a9\annotations-13.0.jar
Launcher Type: SUN_STANDARD

[Global flags]
     intx CICompilerCount                          = 4                                         {product} {ergonomic}
     uint ConcGCThreads                            = 3                                         {product} {ergonomic}
     uint G1ConcRefinementThreads                  = 10                                        {product} {ergonomic}
   size_t G1HeapRegionSize                         = 4194304                                   {product} {ergonomic}
    uintx GCDrainStackTargetSize                   = 64                                        {product} {ergonomic}
   size_t InitialHeapSize                          = 528482304                                 {product} {ergonomic}
   size_t MarkStackSize                            = 4194304                                   {product} {ergonomic}
   size_t MaxHeapSize                              = 8405385216                                {product} {ergonomic}
   size_t MinHeapDeltaBytes                        = 4194304                                   {product} {ergonomic}
   size_t MinHeapSize                              = 8388608                                   {product} {ergonomic}
    uintx NonNMethodCodeHeapSize                   = 5839372                                {pd product} {ergonomic}
    uintx NonProfiledCodeHeapSize                  = 122909434                              {pd product} {ergonomic}
    uintx ProfiledCodeHeapSize                     = 122909434                              {pd product} {ergonomic}
    uintx ReservedCodeCacheSize                    = 251658240                              {pd product} {ergonomic}
     bool SegmentedCodeCache                       = true                                      {product} {ergonomic}
   size_t SoftMaxHeapSize                          = 8405385216                             {manageable} {ergonomic}
     bool UseCompressedOops                        = true                           {product lp64_product} {ergonomic}
     bool UseG1GC                                  = true                                      {product} {ergonomic}
     bool UseLargePagesIndividualAllocation        = false                                  {pd product} {ergonomic}

Logging:
Log output configuration:
 #0: stdout all=warning uptime,level,tags foldmultilines=false
 #1: stderr all=off uptime,level,tags foldmultilines=false

Environment Variables:
PATH=C:\Program Files (x86)\Common Files\Intel\Shared Libraries\redist\intel64\compiler;E:\oracle\app\oracle\product\11.2.0\server\bin;;E:\app\dbhomeFree\bin;C:\Program Files\NVIDIA GPU Computing Toolkit\CUDA\v12.6\bin;C:\Program Files\NVIDIA GPU Computing Toolkit\CUDA\v12.6\libnvvp;;;;;C:\Python311\Scripts\;C:\Python311\;C:\Program Files (x86)\Common Files\Oracle\Java\javapath;C:\Windows\system32;C:\Windows;C:\Windows\System32\Wbem;C:\Windows\System32\WindowsPowerShell\v1.0\;C:\Windows\System32\OpenSSH\;C:\Program Files\Git\cmd;C:\Program Files\NVIDIA Corporation\NVIDIA NvDLISR;C:\Program Files (x86)\NVIDIA Corporation\PhysX\Common;F:\MATLAB\runtime\win64;F:\MATLAB\bin;C:\Program Files\nodejs\;C:\ProgramData\chocolatey\bin;C:\Program Files\dotnet\;C:\Program Files\Google\Chrome\Application;C:\Users\kenny\AppData\Local\bin\NASM;C:\Program Files\AmneziaWG\;C:\Program Files\NVIDIA Corporation\Nsight Compute 2024.3.2\;C:\Program Files (x86)\Gpg4win\..\GnuPG\bin;C:\Users\kenny\anaconda3;C:\Users\kenny\anaconda3\Library\mingw-w64\bin;C:\Users\kenny\anaconda3\Library\usr\bin;C:\Users\kenny\anaconda3\Library\bin;C:\Users\kenny\anaconda3\Scripts;C:\Users\kenny\AppData\Local\Microsoft\WindowsApps ; C:\Users\kenny\AppData\Local\Programs\Python\Python39\Scripts;C:\Program Files\JetBrains\IntelliJ IDEA 2024.1.3\bin;;C:\Program Files\JetBrains\PyCharm Community Edition 2022.1.2\bin;;C:\Users\kenny\AppData\Local\Programs\Python\Python39\Scripts;C:\Users\kenny\AppData\Local\Pandoc\;C:\Users\kenny\AppData\Local\Programs\Python\Python39;C:\intelFPGA\18.1\modelsim_ase\win32aloem;C:\w64devkit\bin;C:\Users\kenny\OneDrive\Рабочий стол\riscv64-unknown-elf-gcc-8.3.0-2020.04.1-x86_64-w64-mingw32\bin;F:\quartus\questa_fse\win64;C:\Program Files\JetBrains\WebStorm 2022.2\bin;;C:\Users\kenny\AppData\Roaming\npm
USERNAME=kenny
OS=Windows_NT
PROCESSOR_IDENTIFIER=AMD64 Family 25 Model 80 Stepping 0, AuthenticAMD
TMP=C:\Users\kenny\AppData\Local\Temp
TEMP=C:\Users\kenny\AppData\Local\Temp




Periodic native trim disabled

JNI global refs:
JNI global refs: 0, weak refs: 0

JNI global refs memory usage: 0, weak refs: 0

Process memory usage:
Resident Set Size: 10992K (0% of 32818572K total physical memory with 4677044K free physical memory)

OOME stack traces (most recent first):
Classloader memory used:

---------------  S Y S T E M  ---------------

OS:
 Windows 10 , 64 bit Build 19041 (10.0.19041.5438)
OS uptime: 1 days 7:14 hours

CPU: total 12 (initial active 12) (12 cores per cpu, 2 threads per core) family 25 model 80 stepping 0 microcode 0x0, cx8, cmov, fxsr, ht, mmx, 3dnowpref, sse, sse2, sse3, ssse3, sse4a, sse4.1, sse4.2, popcnt, lzcnt, tsc, tscinvbit, avx, avx2, aes, erms, clmul, bmi1, bmi2, adx, sha, fma, vzeroupper, clflush, clflushopt, rdtscp, rdpid, fsrm, f16c, pku, cet_ss
Processor Information for all 12 processors :
  Max Mhz: 3901, Current Mhz: 3901, Mhz Limit: 3901

Memory: 4k page, system-wide physical 32049M (4567M free)
TotalPageFile size 42289M (AvailPageFile size 91M)
current process WorkingSet (physical memory assigned to process): 10M, peak: 10M
current process commit charge ("private bytes"): 64M, peak: 568M

vm_info: OpenJDK 64-Bit Server VM (21.0.3+-12282718-b509.11) for windows-amd64 JRE (21.0.3+-12282718-b509.11), built on 2024-08-27T17:34:15Z by "builder" with MS VC++ 16.10 / 16.11 (VS2019)

END.
